17:50:30 [types] Generated 1ms
17:50:30 [content] Syncing content
17:50:30 [content] Synced content
17:50:30 [vite] Port 4321 is in use, trying another one...
17:50:30 [vite] Port 4322 is in use, trying another one...
17:50:30 [vite] Port 4323 is in use, trying another one...
17:50:30 [vite] Port 4324 is in use, trying another one...

 astro  v5.16.11 ready in 384 ms

┃ Local    http://localhost:4325/
┃ Network  http://172.31.210.251:4325/

17:50:30 watching for file changes...
You are attempting to render <HeroSection client:load />, but HeroSection is an Astro component. Astro components do not render in the client and should not have a hydration directive. Please use a framework component for client rendering.
You are attempting to render <EventsSection client:load />, but EventsSection is an Astro component. Astro components do not render in the client and should not have a hydration directive. Please use a framework component for client rendering.
You are attempting to render <ShowsSection client:load />, but ShowsSection is an Astro component. Astro components do not render in the client and should not have a hydration directive. Please use a framework component for client rendering.
17:51:06 [200] / 292ms
17:51:16 [200] /menu 10ms
You are attempting to render <HeroSection client:load />, but HeroSection is an Astro component. Astro components do not render in the client and should not have a hydration directive. Please use a framework component for client rendering.
You are attempting to render <EventsSection client:load />, but EventsSection is an Astro component. Astro components do not render in the client and should not have a hydration directive. Please use a framework component for client rendering.
You are attempting to render <ShowsSection client:load />, but ShowsSection is an Astro component. Astro components do not render in the client and should not have a hydration directive. Please use a framework component for client rendering.
17:51:20 [200] / 15ms
