17:46:19 [types] Generated 1ms
17:46:19 [content] Syncing content
17:46:19 [content] Synced content
17:46:19 [vite] Port 4321 is in use, trying another one...
17:46:19 [vite] Port 4322 is in use, trying another one...
17:46:19 [vite] Port 4323 is in use, trying another one...

 astro  v5.16.11 ready in 419 ms

┃ Local    http://localhost:4324/
┃ Network  http://172.31.210.251:4324/

17:46:19 watching for file changes...
You are attempting to render <HeroSection client:load />, but HeroSection is an Astro component. Astro components do not render in the client and should not have a hydration directive. Please use a framework component for client rendering.
You are attempting to render <EventsSection client:load />, but EventsSection is an Astro component. Astro components do not render in the client and should not have a hydration directive. Please use a framework component for client rendering.
You are attempting to render <ShowsSection client:load />, but ShowsSection is an Astro component. Astro components do not render in the client and should not have a hydration directive. Please use a framework component for client rendering.
17:48:10 [200] / 319ms
17:48:10 [ERROR] ClientOnly is not defined
  Stack trace:
    at /home/devendra/UbuntuDEV/prueba-appsheet/src/components/HeroSection.astro:1:1
    [...] See full stack trace in the browser, or rerun with --verbose.
You are attempting to render <HeroSection client:load />, but HeroSection is an Astro component. Astro components do not render in the client and should not have a hydration directive. Please use a framework component for client rendering.
You are attempting to render <EventsSection client:load />, but EventsSection is an Astro component. Astro components do not render in the client and should not have a hydration directive. Please use a framework component for client rendering.
You are attempting to render <ShowsSection client:load />, but ShowsSection is an Astro component. Astro components do not render in the client and should not have a hydration directive. Please use a framework component for client rendering.
17:49:16 [200] / 111ms
17:49:16 [ERROR] ClientOnly is not defined
  Stack trace:
    at /home/devendra/UbuntuDEV/prueba-appsheet/src/components/EventsSection.astro:1:1
    [...] See full stack trace in the browser, or rerun with --verbose.
You are attempting to render <HeroSection client:load />, but HeroSection is an Astro component. Astro components do not render in the client and should not have a hydration directive. Please use a framework component for client rendering.
You are attempting to render <EventsSection client:load />, but EventsSection is an Astro component. Astro components do not render in the client and should not have a hydration directive. Please use a framework component for client rendering.
You are attempting to render <ShowsSection client:load />, but ShowsSection is an Astro component. Astro components do not render in the client and should not have a hydration directive. Please use a framework component for client rendering.
17:49:33 [200] / 128ms
17:49:33 [ERROR] ClientOnly is not defined
  Stack trace:
    at /home/devendra/UbuntuDEV/prueba-appsheet/src/components/ShowsSection.astro:1:1
    [...] See full stack trace in the browser, or rerun with --verbose.
You are attempting to render <HeroSection client:load />, but HeroSection is an Astro component. Astro components do not render in the client and should not have a hydration directive. Please use a framework component for client rendering.
You are attempting to render <EventsSection client:load />, but EventsSection is an Astro component. Astro components do not render in the client and should not have a hydration directive. Please use a framework component for client rendering.
You are attempting to render <ShowsSection client:load />, but ShowsSection is an Astro component. Astro components do not render in the client and should not have a hydration directive. Please use a framework component for client rendering.
17:49:53 [200] / 98ms
You are attempting to render <HeroSection client:load />, but HeroSection is an Astro component. Astro components do not render in the client and should not have a hydration directive. Please use a framework component for client rendering.
You are attempting to render <EventsSection client:load />, but EventsSection is an Astro component. Astro components do not render in the client and should not have a hydration directive. Please use a framework component for client rendering.
You are attempting to render <ShowsSection client:load />, but ShowsSection is an Astro component. Astro components do not render in the client and should not have a hydration directive. Please use a framework component for client rendering.
17:50:55 [200] / 14ms
